0 info it worked if it ends with ok
1 verbose cli [ 'node', '/usr/local/bin/npm', '-g', 'install' ]
2 info using npm@1.4.28
3 info using node@v0.10.34
4 verbose cache add [ '.', null ]
5 verbose cache add name=undefined spec="." args=[".",null]
6 verbose parsed url { protocol: null,
6 verbose parsed url   slashes: null,
6 verbose parsed url   auth: null,
6 verbose parsed url   host: null,
6 verbose parsed url   port: null,
6 verbose parsed url   hostname: null,
6 verbose parsed url   hash: null,
6 verbose parsed url   search: null,
6 verbose parsed url   query: null,
6 verbose parsed url   pathname: '.',
6 verbose parsed url   path: '.',
6 verbose parsed url   href: '.' }
7 silly lockFile 3a52ce78- .
8 verbose lock . /Users/xiaolongyu/.npm/3a52ce78-.lock
9 verbose tar pack [ '/Users/xiaolongyu/.npm/marray/0.0.0/package.tgz', '.' ]
10 verbose tarball /Users/xiaolongyu/.npm/marray/0.0.0/package.tgz
11 verbose folder .
12 info prepublish marray@0.0.0
13 silly lockFile 1f1177db-tar tar://.
14 verbose lock tar://. /Users/xiaolongyu/.npm/1f1177db-tar.lock
15 silly lockFile 0de887cd-gyu-npm-marray-0-0-0-package-tgz tar:///Users/xiaolongyu/.npm/marray/0.0.0/package.tgz
16 verbose lock tar:///Users/xiaolongyu/.npm/marray/0.0.0/package.tgz /Users/xiaolongyu/.npm/0de887cd-gyu-npm-marray-0-0-0-package-tgz.lock
17 silly lockFile 1f1177db-tar tar://.
18 silly lockFile 1f1177db-tar tar://.
19 silly lockFile 0de887cd-gyu-npm-marray-0-0-0-package-tgz tar:///Users/xiaolongyu/.npm/marray/0.0.0/package.tgz
20 silly lockFile 0de887cd-gyu-npm-marray-0-0-0-package-tgz tar:///Users/xiaolongyu/.npm/marray/0.0.0/package.tgz
21 silly lockFile af2796b5-olongyu-npm-marray-0-0-0-package /Users/xiaolongyu/.npm/marray/0.0.0/package
22 verbose lock /Users/xiaolongyu/.npm/marray/0.0.0/package /Users/xiaolongyu/.npm/af2796b5-olongyu-npm-marray-0-0-0-package.lock
23 silly lockFile af2796b5-olongyu-npm-marray-0-0-0-package /Users/xiaolongyu/.npm/marray/0.0.0/package
24 silly lockFile af2796b5-olongyu-npm-marray-0-0-0-package /Users/xiaolongyu/.npm/marray/0.0.0/package
25 silly lockFile 3a52ce78- .
26 silly lockFile 3a52ce78- .
27 silly resolved [ { name: 'marray',
27 silly resolved     version: '0.0.0',
27 silly resolved     private: true,
27 silly resolved     scripts: { start: 'node ./bin/www' },
27 silly resolved     dependencies:
27 silly resolved      { express: '~4.8.6',
27 silly resolved        'body-parser': '~1.6.6',
27 silly resolved        'cookie-parser': '~1.3.2',
27 silly resolved        morgan: '~1.2.3',
27 silly resolved        'serve-favicon': '~2.0.1',
27 silly resolved        debug: '~1.0.4',
27 silly resolved        jade: '~1.5.0' },
27 silly resolved     readme: 'ERROR: No README data found!',
27 silly resolved     _id: 'marray@0.0.0',
27 silly resolved     _shasum: '9a4c4c620a4402a3109097b2381d307d7391dcd2',
27 silly resolved     _from: '.' } ]
28 info install marray@0.0.0 into /usr/local/lib
29 info installOne marray@0.0.0
30 verbose lib/node_modules/marray unbuild
31 verbose tar unpack /Users/xiaolongyu/.npm/marray/0.0.0/package.tgz
32 silly lockFile f02b5d3d-sr-local-lib-node-modules-marray tar:///usr/local/lib/node_modules/marray
33 verbose lock tar:///usr/local/lib/node_modules/marray /Users/xiaolongyu/.npm/f02b5d3d-sr-local-lib-node-modules-marray.lock
34 silly lockFile 0de887cd-gyu-npm-marray-0-0-0-package-tgz tar:///Users/xiaolongyu/.npm/marray/0.0.0/package.tgz
35 verbose lock tar:///Users/xiaolongyu/.npm/marray/0.0.0/package.tgz /Users/xiaolongyu/.npm/0de887cd-gyu-npm-marray-0-0-0-package-tgz.lock
36 silly gunzTarPerm modes [ '755', '644' ]
37 error Error: EACCES, mkdir '/usr/local/lib/node_modules/marray'
37 error  { [Error: EACCES, mkdir '/usr/local/lib/node_modules/marray']
37 error   errno: 3,
37 error   code: 'EACCES',
37 error   path: '/usr/local/lib/node_modules/marray',
37 error   fstream_type: 'Directory',
37 error   fstream_path: '/usr/local/lib/node_modules/marray',
37 error   fstream_class: 'DirWriter',
37 error   fstream_stack:
37 error    [ '/usr/local/lib/node_modules/npm/node_modules/fstream/lib/dir-writer.js:36:23',
37 error      '/usr/local/lib/node_modules/npm/node_modules/mkdirp/index.js:46:53',
37 error      'Object.oncomplete (fs.js:108:15)' ] }
38 error Please try running this command again as root/Administrator.
39 error System Darwin 14.1.0
40 error command "node" "/usr/local/bin/npm" "-g" "install"
41 error cwd /Users/xiaolongyu/work/js/test
42 error node -v v0.10.34
43 error npm -v 1.4.28
44 error path /usr/local/lib/node_modules/marray
45 error fstream_path /usr/local/lib/node_modules/marray
46 error fstream_type Directory
47 error fstream_class DirWriter
48 error code EACCES
49 error errno 3
50 error stack Error: EACCES, mkdir '/usr/local/lib/node_modules/marray'
51 error fstream_stack /usr/local/lib/node_modules/npm/node_modules/fstream/lib/dir-writer.js:36:23
51 error fstream_stack /usr/local/lib/node_modules/npm/node_modules/mkdirp/index.js:46:53
51 error fstream_stack Object.oncomplete (fs.js:108:15)
52 verbose exit [ 3, true ]
